<?xml version="1.0" encoding="UTF-8"?>
<!-- Generated by org.testng.reporters.JUnitXMLReporter -->
<testsuite ignored="0" hostname="AbhinayRock" failures="1" tests="4" name="Test" time="169.197" errors="0" timestamp="2022-12-23T16:07:12 IST">
  <testcase classname="neoStox_TestClass.ValidateNeoStoxCombo" name="validateUserName" time="1.219"/>
  <testcase classname="neoStox_TestClass.ValidateNeoStoxCombo" name="showAvailableFunds" time="0.0">
    <failure type="java.lang.AssertionError" message="null">
      <![CDATA[java.lang.AssertionError: null
at neoStox_TestClass.ValidateNeoStoxCombo.showAvailableFunds(ValidateNeoStoxCombo.java:64)
at java.base/java.util.ArrayList.forEach(ArrayList.java:1541)
... Removed 33 stack frames]]>
    </failure>
  </testcase> <!-- showAvailableFunds -->
  <testcase classname="neoStox_TestClass.ValidateNeoStoxUserName" name="validateUserName" time="0.331"/>
  <testcase classname="neoStox_TestClass.ValidateNeoStoxAccBalance" name="showAvailableFunds" time="0.277"/>
</testsuite> <!-- Test -->
